<?xml version="1.0" encoding="UTF-8"?>
<!-- Generated by org.testng.reporters.JUnitReportReporter -->
<testsuite skipped="0" hostname="user" name="seleniumDemo.Demo3" tests="3" failures="0" timestamp="2020-07-28T12:47:48 IST" time="0.037" errors="0">
  <testcase name="m3" time="0.028" classname="seleniumDemo.Demo3"/>
  <system-out>
Hiii....3  </system-out>
  <testcase name="m2" time="0.005" classname="seleniumDemo.Demo3"/>
  <system-out>
Hiii....2  </system-out>
  <testcase name="m1" time="0.004" classname="seleniumDemo.Demo3"/>
  <system-out>
Hiii....1  </system-out>
</testsuite> <!-- seleniumDemo.Demo3 -->
