<?xml version="1.0" encoding="UTF-8"?>
<!-- Generated by org.testng.reporters.JUnitReportReporter -->
<testsuite skipped="0" hostname="user" name="org.qsp.testngdemo.Demotestng" tests="2" failures="0" timestamp="2020-07-24T16:08:45 IST" time="10.805" errors="0">
  <testcase name="m1" time="10.800" classname="org.qsp.testngdemo.Demotestng"/>
  <system-out>
hey..  </system-out>
  <testcase name="m2" time="0.005" classname="org.qsp.testngdemo.Demotestng"/>
  <system-out/>
</testsuite> <!-- org.qsp.testngdemo.Demotestng -->
